<?xml version="1.0" encoding="UTF-8"?>
<!-- Generated by org.testng.reporters.JUnitXMLReporter -->
<testsuite ignored="0" hostname="DESKTOP-1B36RB4" failures="0" tests="6" name="Default test" time="3.551" errors="0" timestamp="2024-07-07T17:51:33 EEST">
  <testcase classname="com.sumerge.Task1_2" name="userNameIsExist" time="0.022"/>
  <testcase classname="com.sumerge.Task1_2" name="passwordIsExist" time="0.015"/>
  <testcase classname="com.sumerge.Task1_2" name="loginButtonIsExist" time="0.017"/>
  <testcase classname="com.sumerge.Task4" name="tryEmptyUserName" time="0.126"/>
  <testcase classname="com.sumerge.Task4" name="tryEmptyPassword" time="0.1"/>
  <testcase classname="com.sumerge.Task1_2" name="tryValidLogin" time="0.137"/>
</testsuite> <!-- Default test -->
