<?xml version="1.0" encoding="UTF-8"?>
<!-- Generated by org.testng.reporters.JUnitXMLReporter -->
<testsuite ignored="0" hostname="DESKTOP-1B36RB4" failures="0" tests="7" name="Assessment" time="4.995" errors="0" timestamp="2024-07-07T18:46:04 EEST">
  <testcase classname="com.sumerge.Task1_2" name="userNameIsExist" time="0.021"/>
  <testcase classname="com.sumerge.Task1_2" name="passwordIsExist" time="0.015"/>
  <testcase classname="com.sumerge.Task1_2" name="loginButtonIsExist" time="0.016"/>
  <testcase classname="com.sumerge.Task4" name="tryEmptyUserName" time="0.12"/>
  <testcase classname="com.sumerge.Task3" name="tryInvalidLogin" time="0.133"/>
  <testcase classname="com.sumerge.Task4" name="tryEmptyPassword" time="0.099"/>
  <testcase classname="com.sumerge.Task1_2" name="tryValidLogin" time="0.139"/>
</testsuite> <!-- Assessment -->
