<?xml version="1.0" encoding="UTF-8"?>
<testng-results ignored="0" total="7" passed="7" failed="0" skipped="0">
  <reporter-output>
  </reporter-output>
  <suite started-at="2024-07-07T18:45:59 EEST" name="Suite" finished-at="2024-07-07T18:46:04 EEST" duration-ms="4995">
    <groups>
      <group name="All Element are Exist">
        <method signature="Task1_2.userNameIsExist()[pri:0, instance:com.sumerge.Task1_2@6989da5e]" name="userNameIsExist" class="com.sumerge.Task1_2"/>
        <method signature="Task1_2.passwordIsExist()[pri:1, instance:com.sumerge.Task1_2@6989da5e]" name="passwordIsExist" class="com.sumerge.Task1_2"/>
        <method signature="Task1_2.loginButtonIsExist()[pri:2, instance:com.sumerge.Task1_2@6989da5e]" name="loginButtonIsExist" class="com.sumerge.Task1_2"/>
      </group> <!-- All Element are Exist -->
    </groups>
    <test started-at="2024-07-07T18:45:59 EEST" name="Assessment" finished-at="2024-07-07T18:46:04 EEST" duration-ms="4995">
      <class name="com.sumerge.Task1_2">
        <test-method is-config="true" signature="beforeTest()[pri:0, instance:com.sumerge.Task1_2@6989da5e]" started-at="2024-07-07T18:45:59 EEST" name="beforeTest" finished-at="2024-07-07T18:46:01 EEST" duration-ms="1612" status="PASS">
          <reporter-output>
          </reporter-output>
        </test-method> <!-- beforeTest -->
        <test-method signature="userNameIsExist()[pri:0, instance:com.sumerge.Task1_2@6989da5e]" started-at="2024-07-07T18:46:03 EEST" name="userNameIsExist" finished-at="2024-07-07T18:46:03 EEST" duration-ms="21" status="PASS">
          <reporter-output>
          </reporter-output>
        </test-method> <!-- userNameIsExist -->
        <test-method signature="passwordIsExist()[pri:1, instance:com.sumerge.Task1_2@6989da5e]" started-at="2024-07-07T18:46:03 EEST" name="passwordIsExist" finished-at="2024-07-07T18:46:03 EEST" duration-ms="15" status="PASS">
          <reporter-output>
          </reporter-output>
        </test-method> <!-- passwordIsExist -->
        <test-method signature="loginButtonIsExist()[pri:2, instance:com.sumerge.Task1_2@6989da5e]" started-at="2024-07-07T18:46:03 EEST" name="loginButtonIsExist" finished-at="2024-07-07T18:46:03 EEST" duration-ms="16" status="PASS">
          <reporter-output>
          </reporter-output>
        </test-method> <!-- loginButtonIsExist -->
        <test-method signature="tryValidLogin()[pri:3, instance:com.sumerge.Task1_2@6989da5e]" started-at="2024-07-07T18:46:04 EEST" name="tryValidLogin" depends-on-groups="All Element are Exist" finished-at="2024-07-07T18:46:04 EEST" duration-ms="139" status="PASS">
          <reporter-output>
          </reporter-output>
        </test-method> <!-- tryValidLogin -->
        <test-method is-config="true" signature="afterTest()[pri:0, instance:com.sumerge.Task1_2@6989da5e]" started-at="2024-07-07T18:46:04 EEST" name="afterTest" finished-at="2024-07-07T18:46:04 EEST" duration-ms="76" status="PASS">
          <reporter-output>
          </reporter-output>
        </test-method> <!-- afterTest -->
      </class> <!-- com.sumerge.Task1_2 -->
      <class name="com.sumerge.Task3">
        <test-method is-config="true" signature="beforeTest()[pri:0, instance:com.sumerge.Task3@229f66ed]" started-at="2024-07-07T18:46:01 EEST" name="beforeTest" finished-at="2024-07-07T18:46:02 EEST" duration-ms="1282" status="PASS">
          <reporter-output>
          </reporter-output>
        </test-method> <!-- beforeTest -->
        <test-method signature="tryInvalidLogin()[pri:0, instance:com.sumerge.Task3@229f66ed]" started-at="2024-07-07T18:46:04 EEST" name="tryInvalidLogin" depends-on-groups="All Element are Exist" finished-at="2024-07-07T18:46:04 EEST" duration-ms="133" status="PASS">
          <reporter-output>
          </reporter-output>
        </test-method> <!-- tryInvalidLogin -->
        <test-method is-config="true" signature="afterTest()[pri:0, instance:com.sumerge.Task3@229f66ed]" started-at="2024-07-07T18:46:04 EEST" name="afterTest" finished-at="2024-07-07T18:46:04 EEST" duration-ms="79" status="PASS">
          <reporter-output>
          </reporter-output>
        </test-method> <!-- afterTest -->
      </class> <!-- com.sumerge.Task3 -->
      <class name="com.sumerge.Task4">
        <test-method is-config="true" signature="beforeTest()[pri:0, instance:com.sumerge.Task4@31190526]" started-at="2024-07-07T18:46:02 EEST" name="beforeTest" finished-at="2024-07-07T18:46:03 EEST" duration-ms="1298" status="PASS">
          <reporter-output>
          </reporter-output>
        </test-method> <!-- beforeTest -->
        <test-method signature="tryEmptyUserName()[pri:0, instance:com.sumerge.Task4@31190526]" started-at="2024-07-07T18:46:03 EEST" name="tryEmptyUserName" depends-on-groups="All Element are Exist" finished-at="2024-07-07T18:46:04 EEST" duration-ms="120" status="PASS">
          <reporter-output>
          </reporter-output>
        </test-method> <!-- tryEmptyUserName -->
        <test-method signature="tryEmptyPassword()[pri:1, instance:com.sumerge.Task4@31190526]" started-at="2024-07-07T18:46:04 EEST" name="tryEmptyPassword" depends-on-groups="All Element are Exist" finished-at="2024-07-07T18:46:04 EEST" duration-ms="99" status="PASS">
          <reporter-output>
          </reporter-output>
        </test-method> <!-- tryEmptyPassword -->
        <test-method is-config="true" signature="afterTest()[pri:0, instance:com.sumerge.Task4@31190526]" started-at="2024-07-07T18:46:04 EEST" name="afterTest" finished-at="2024-07-07T18:46:04 EEST" duration-ms="74" status="PASS">
          <reporter-output>
          </reporter-output>
        </test-method> <!-- afterTest -->
      </class> <!-- com.sumerge.Task4 -->
    </test> <!-- Assessment -->
  </suite> <!-- Suite -->
</testng-results>
